2025-07-30 03:16:19,006 - utils.database - INFO - Database initialized successfully
2025-07-30 03:16:19,006 - __main__ - INFO - Starting My Flask App on http://0.0.0.0:5000
2025-07-30 03:16:19,015 - werkzeug - INFO - [31m[1mWARNING: This is a development server. Do not use it in a production deployment. Use a production WSGI server instead.[0m
 * Running on all addresses (0.0.0.0)
 * Running on http://127.0.0.1:5000
 * Running on http://192.168.1.110:5000
2025-07-30 03:16:19,015 - werkzeug - INFO - [33mPress CTRL+C to quit[0m
2025-07-30 03:16:29,923 - app - ERROR - Exception on / [GET]
Traceback (most recent call last):
  File "/home/chris/flask-wizard/venv/lib/python3.12/site-packages/flask/app.py", line 2529, in wsgi_app
    response = self.full_dispatch_request()
               ^^^^^^^^^^^^^^^^^^^^^^^^^^^^
  File "/home/chris/flask-wizard/venv/lib/python3.12/site-packages/flask/app.py", line 1825, in full_dispatch_request
    rv = self.handle_user_exception(e)
         ^^^^^^^^^^^^^^^^^^^^^^^^^^^^^
  File "/home/chris/flask-wizard/venv/lib/python3.12/site-packages/flask/app.py", line 1823, in full_dispatch_request
    rv = self.dispatch_request()
         ^^^^^^^^^^^^^^^^^^^^^^^
  File "/home/chris/flask-wizard/venv/lib/python3.12/site-packages/flask/app.py", line 1799, in dispatch_request
    return self.ensure_sync(self.view_functions[rule.endpoint])(**view_args)
           ^^^^^^^^^^^^^^^^^^^^^^^^^^^^^^^^^^^^^^^^^^^^^^^^^^^^^^^^^^^^^^^^^
  File "/home/chris/flask-wizard/flask-app-wizard/my-flask-app/routes/main.py", line 17, in dashboard
    return render_template('dashboard.html', title='Dashboard')
           ^^^^^^^^^^^^^^^^^^^^^^^^^^^^^^^^^^^^^^^^^^^^^^^^^^^^
  File "/home/chris/flask-wizard/venv/lib/python3.12/site-packages/flask/templating.py", line 147, in render_template
    return _render(app, template, context)
           ^^^^^^^^^^^^^^^^^^^^^^^^^^^^^^^
  File "/home/chris/flask-wizard/venv/lib/python3.12/site-packages/flask/templating.py", line 128, in _render
    app.update_template_context(context)
  File "/home/chris/flask-wizard/venv/lib/python3.12/site-packages/flask/app.py", line 997, in update_template_context
    context.update(func())
                   ^^^^^^
  File "/home/chris/flask-wizard/flask-app-wizard/my-flask-app/app.py", line 83, in inject_globals
    nav_items=json.loads(nav_items_data), # Parse back to Python object for template
              ^^^^
NameError: name 'json' is not defined. Did you forget to import 'json'
2025-07-30 03:16:29,925 - __main__ - ERROR - 500 Internal Server Error: 500 Internal Server Error: The server encountered an internal error and was unable to complete your request. Either the server is overloaded or there is an error in the application.
Traceback (most recent call last):
  File "/home/chris/flask-wizard/venv/lib/python3.12/site-packages/flask/app.py", line 2529, in wsgi_app
    response = self.full_dispatch_request()
               ^^^^^^^^^^^^^^^^^^^^^^^^^^^^
  File "/home/chris/flask-wizard/venv/lib/python3.12/site-packages/flask/app.py", line 1825, in full_dispatch_request
    rv = self.handle_user_exception(e)
         ^^^^^^^^^^^^^^^^^^^^^^^^^^^^^
  File "/home/chris/flask-wizard/venv/lib/python3.12/site-packages/flask/app.py", line 1823, in full_dispatch_request
    rv = self.dispatch_request()
         ^^^^^^^^^^^^^^^^^^^^^^^
  File "/home/chris/flask-wizard/venv/lib/python3.12/site-packages/flask/app.py", line 1799, in dispatch_request
    return self.ensure_sync(self.view_functions[rule.endpoint])(**view_args)
           ^^^^^^^^^^^^^^^^^^^^^^^^^^^^^^^^^^^^^^^^^^^^^^^^^^^^^^^^^^^^^^^^^
  File "/home/chris/flask-wizard/flask-app-wizard/my-flask-app/routes/main.py", line 17, in dashboard
    return render_template('dashboard.html', title='Dashboard')
           ^^^^^^^^^^^^^^^^^^^^^^^^^^^^^^^^^^^^^^^^^^^^^^^^^^^^
  File "/home/chris/flask-wizard/venv/lib/python3.12/site-packages/flask/templating.py", line 147, in render_template
    return _render(app, template, context)
           ^^^^^^^^^^^^^^^^^^^^^^^^^^^^^^^
  File "/home/chris/flask-wizard/venv/lib/python3.12/site-packages/flask/templating.py", line 128, in _render
    app.update_template_context(context)
  File "/home/chris/flask-wizard/venv/lib/python3.12/site-packages/flask/app.py", line 997, in update_template_context
    context.update(func())
                   ^^^^^^
  File "/home/chris/flask-wizard/flask-app-wizard/my-flask-app/app.py", line 83, in inject_globals
    nav_items=json.loads(nav_items_data), # Parse back to Python object for template
              ^^^^
NameError: name 'json' is not defined. Did you forget to import 'json'
2025-07-30 03:16:29,928 - werkzeug - INFO - 192.168.1.115 - - [30/Jul/2025 03:16:29] "[35m[1mGET / HTTP/1.1[0m" 500 -
2025-07-30 03:16:29,937 - werkzeug - ERROR - Error on request:
Traceback (most recent call last):
  File "/home/chris/flask-wizard/venv/lib/python3.12/site-packages/flask/app.py", line 2529, in wsgi_app
    response = self.full_dispatch_request()
               ^^^^^^^^^^^^^^^^^^^^^^^^^^^^
  File "/home/chris/flask-wizard/venv/lib/python3.12/site-packages/flask/app.py", line 1825, in full_dispatch_request
    rv = self.handle_user_exception(e)
         ^^^^^^^^^^^^^^^^^^^^^^^^^^^^^
  File "/home/chris/flask-wizard/venv/lib/python3.12/site-packages/flask/app.py", line 1823, in full_dispatch_request
    rv = self.dispatch_request()
         ^^^^^^^^^^^^^^^^^^^^^^^
  File "/home/chris/flask-wizard/venv/lib/python3.12/site-packages/flask/app.py", line 1799, in dispatch_request
    return self.ensure_sync(self.view_functions[rule.endpoint])(**view_args)
           ^^^^^^^^^^^^^^^^^^^^^^^^^^^^^^^^^^^^^^^^^^^^^^^^^^^^^^^^^^^^^^^^^
  File "/home/chris/flask-wizard/flask-app-wizard/my-flask-app/routes/main.py", line 17, in dashboard
    return render_template('dashboard.html', title='Dashboard')
           ^^^^^^^^^^^^^^^^^^^^^^^^^^^^^^^^^^^^^^^^^^^^^^^^^^^^
  File "/home/chris/flask-wizard/venv/lib/python3.12/site-packages/flask/templating.py", line 147, in render_template
    return _render(app, template, context)
           ^^^^^^^^^^^^^^^^^^^^^^^^^^^^^^^
  File "/home/chris/flask-wizard/venv/lib/python3.12/site-packages/flask/templating.py", line 128, in _render
    app.update_template_context(context)
  File "/home/chris/flask-wizard/venv/lib/python3.12/site-packages/flask/app.py", line 997, in update_template_context
    context.update(func())
                   ^^^^^^^
  File "/home/chris/flask-wizard/flask-app-wizard/my-flask-app/app.py", line 83, in inject_globals
    nav_items=json.loads(nav_items_data), # Parse back to Python object for template
              ^^^^^^^^^^^^^^^^^^^^^^^^^^^^^^^^^^^^^^^^^^^^^^^^^^^^^^^^^^^^^^^^^^^^^^
NameError: name 'json' is not defined. Did you forget to import 'json'

During handling of the above exception, another exception occurred:

Traceback (most recent call last):
  File "/home/chris/flask-wizard/venv/lib/python3.12/site-packages/werkzeug/serving.py", line 370, in run_wsgi
    execute(self.server.app)
  File "/home/chris/flask-wizard/venv/lib/python3.12/site-packages/werkzeug/serving.py", line 331, in execute
    application_iter = app(environ, start_response)
                       ^^^^^^^^^^^^^^^^^^^^^^^^^^^^
  File "/home/chris/flask-wizard/venv/lib/python3.12/site-packages/flask/app.py", line 2552, in __call__
    return self.wsgi_app(environ, start_response)
           ^^^^^^^^^^^^^^^^^^^^^^^^^^^^^^^^^^^^^^
  File "/home/chris/flask-wizard/venv/lib/python3.12/site-packages/flask/app.py", line 2532, in wsgi_app
    response = self.handle_exception(e)
               ^^^^^^^^^^^^^^^^^^^^^^^^
  File "/home/chris/flask-wizard/venv/lib/python3.12/site-packages/flask/app.py", line 1727, in handle_exception
    server_error = self.ensure_sync(handler)(server_error)
                   ^^^^^^^^^^^^^^^^^^^^^^^^^^^^^^^^^^^^^^^
  File "/home/chris/flask-wizard/flask-app-wizard/my-flask-app/app.py", line 64, in server_error
    return render_template('error.html', error="Internal server error", code=500), 500
           ^^^^^^^^^^^^^^^^^^^^^^^^^^^^^^^^^^^^^^^^^^^^^^^^^^^^^^^^^^^^^^^^^^^^^^^^^^^
  File "/home/chris/flask-wizard/venv/lib/python3.12/site-packages/flask/templating.py", line 147, in render_template
    return _render(app, template, context)
           ^^^^^^^^^^^^^^^^^^^^^^^^^^^^^^^
  File "/home/chris/flask-wizard/venv/lib/python3.12/site-packages/flask/templating.py", line 128, in _render
    app.update_template_context(context)
  File "/home/chris/flask-wizard/venv/lib/python3.12/site-packages/flask/app.py", line 997, in update_template_context
    context.update(func())
                   ^^^^^^^
  File "/home/chris/flask-wizard/flask-app-wizard/my-flask-app/app.py", line 83, in inject_globals
    nav_items=json.loads(nav_items_data), # Parse back to Python object for template
              ^^^^^^^^^^^^^^^^^^^^^^^^^^^^^^^^^^^^^^^^^^^^^^^^^^^^^^^^^^^^^^^^^^^^^^
NameError: name 'json' is not defined. Did you forget to import 'json'
2025-07-30 03:20:01,672 - utils.database - INFO - Database initialized successfully
2025-07-30 03:20:01,672 - __main__ - INFO - Starting My Flask App on http://0.0.0.0:5000
2025-07-30 03:20:01,681 - werkzeug - INFO - [31m[1mWARNING: This is a development server. Do not use it in a production deployment. Use a production WSGI server instead.[0m
 * Running on all addresses (0.0.0.0)
 * Running on http://127.0.0.1:5000
 * Running on http://192.168.1.110:5000
2025-07-30 03:20:01,681 - werkzeug - INFO - [33mPress CTRL+C to quit[0m
